<?xml version="1.0" encoding="UTF-8"?>
<testng-results ignored="0" total="3" passed="2" failed="1" skipped="0">
  <reporter-output>
  </reporter-output>
  <suite started-at="2021-12-01T07:31:02 CET" name="Suite" finished-at="2021-12-01T07:32:32 CET" duration-ms="90436">
    <groups>
    </groups>
    <test started-at="2021-12-01T07:31:02 CET" name="Test" finished-at="2021-12-01T07:32:32 CET" duration-ms="90436">
      <class name="zsevo.ThirdTest">
        <test-method is-config="true" signature="setUp()[pri:0, instance:zsevo.ThirdTest@659a969b]" started-at="2021-12-01T07:31:36 CET" name="setUp" finished-at="2021-12-01T07:31:41 CET" duration-ms="4874" status="PASS">
          <reporter-output>
          </reporter-output>
        </test-method> <!-- setUp -->
        <test-method signature="test1()[pri:0, instance:zsevo.ThirdTest@659a969b]" started-at="2021-12-01T07:31:41 CET" name="test1" finished-at="2021-12-01T07:32:31 CET" duration-ms="49949" status="PASS">
          <reporter-output>
          </reporter-output>
        </test-method> <!-- test1 -->
        <test-method is-config="true" signature="closeBrowser()[pri:0, instance:zsevo.ThirdTest@659a969b]" started-at="2021-12-01T07:32:31 CET" name="closeBrowser" finished-at="2021-12-01T07:32:32 CET" duration-ms="1462" status="PASS">
          <reporter-output>
          </reporter-output>
        </test-method> <!-- closeBrowser -->
      </class> <!-- zsevo.ThirdTest -->
      <class name="zsevo.SecondTest">
        <test-method is-config="true" signature="setUp()[pri:0, instance:zsevo.SecondTest@1d119efb]" started-at="2021-12-01T07:31:27 CET" name="setUp" finished-at="2021-12-01T07:31:32 CET" duration-ms="4835" status="PASS">
          <reporter-output>
          </reporter-output>
        </test-method> <!-- setUp -->
        <test-method signature="test1()[pri:0, instance:zsevo.SecondTest@1d119efb]" started-at="2021-12-01T07:31:32 CET" name="test1" finished-at="2021-12-01T07:31:35 CET" duration-ms="2970" status="FAIL">
          <exception class="java.lang.AssertionError">
            <message>
              <![CDATA[There is too much cheese on the internet expected [777] but found [806000000]]]>
            </message>
            <full-stacktrace>
              <![CDATA[java.lang.AssertionError: There is too much cheese on the internet expected [777] but found [806000000]
at org.testng.Assert.fail(Assert.java:99)
at org.testng.Assert.failNotEquals(Assert.java:1037)
at org.testng.Assert.assertEqualsImpl(Assert.java:140)
at org.testng.Assert.assertEquals(Assert.java:122)
at org.testng.Assert.assertEquals(Assert.java:907)
at zsevo.SecondTest.test1(SecondTest.java:42)
at java.base/jdk.internal.reflect.NativeMethodAccessorImpl.invoke0(Native Method)
at java.base/jdk.internal.reflect.NativeMethodAccessorImpl.invoke(NativeMethodAccessorImpl.java:62)
at java.base/jdk.internal.reflect.DelegatingMethodAccessorImpl.invoke(DelegatingMethodAccessorImpl.java:43)
at java.base/java.lang.reflect.Method.invoke(Method.java:567)
at org.testng.internal.MethodInvocationHelper.invokeMethod(MethodInvocationHelper.java:133)
at org.testng.internal.TestInvoker.invokeMethod(TestInvoker.java:598)
at org.testng.internal.TestInvoker.invokeTestMethod(TestInvoker.java:173)
at org.testng.internal.MethodRunner.runInSequence(MethodRunner.java:46)
at org.testng.internal.TestInvoker$MethodInvocationAgent.invoke(TestInvoker.java:824)
at org.testng.internal.TestInvoker.invokeTestMethods(TestInvoker.java:146)
at org.testng.internal.TestMethodWorker.invokeTestMethods(TestMethodWorker.java:146)
at org.testng.internal.TestMethodWorker.run(TestMethodWorker.java:128)
at java.base/java.util.ArrayList.forEach(ArrayList.java:1507)
at org.testng.TestRunner.privateRun(TestRunner.java:794)
at org.testng.TestRunner.run(TestRunner.java:596)
at org.testng.SuiteRunner.runTest(SuiteRunner.java:377)
at org.testng.SuiteRunner.runSequentially(SuiteRunner.java:371)
at org.testng.SuiteRunner.privateRun(SuiteRunner.java:332)
at org.testng.SuiteRunner.run(SuiteRunner.java:276)
at org.testng.SuiteRunnerWorker.runSuite(SuiteRunnerWorker.java:53)
at org.testng.SuiteRunnerWorker.run(SuiteRunnerWorker.java:96)
at org.testng.TestNG.runSuitesSequentially(TestNG.java:1212)
at org.testng.TestNG.runSuitesLocally(TestNG.java:1134)
at org.testng.TestNG.runSuites(TestNG.java:1063)
at org.testng.TestNG.run(TestNG.java:1031)
at org.testng.remote.AbstractRemoteTestNG.run(AbstractRemoteTestNG.java:115)
at org.testng.remote.RemoteTestNG.initAndRun(RemoteTestNG.java:251)
at org.testng.remote.RemoteTestNG.main(RemoteTestNG.java:77)
]]>
            </full-stacktrace>
          </exception> <!-- java.lang.AssertionError -->
          <reporter-output>
          </reporter-output>
        </test-method> <!-- test1 -->
        <test-method is-config="true" signature="closeBrowser()[pri:0, instance:zsevo.SecondTest@1d119efb]" started-at="2021-12-01T07:31:35 CET" name="closeBrowser" finished-at="2021-12-01T07:31:36 CET" duration-ms="1236" status="PASS">
          <reporter-output>
          </reporter-output>
        </test-method> <!-- closeBrowser -->
      </class> <!-- zsevo.SecondTest -->
      <class name="zsevo.FirstTest">
        <test-method is-config="true" signature="setUp()[pri:0, instance:zsevo.FirstTest@1677d1]" started-at="2021-12-01T07:31:02 CET" name="setUp" finished-at="2021-12-01T07:31:11 CET" duration-ms="8683" status="PASS">
          <reporter-output>
          </reporter-output>
        </test-method> <!-- setUp -->
        <test-method signature="test1()[pri:0, instance:zsevo.FirstTest@1677d1]" started-at="2021-12-01T07:31:11 CET" name="test1" finished-at="2021-12-01T07:31:25 CET" duration-ms="14641" status="PASS">
          <reporter-output>
          </reporter-output>
        </test-method> <!-- test1 -->
        <test-method is-config="true" signature="closeBrowser()[pri:0, instance:zsevo.FirstTest@1677d1]" started-at="2021-12-01T07:31:25 CET" name="closeBrowser" finished-at="2021-12-01T07:31:27 CET" duration-ms="1412" status="PASS">
          <reporter-output>
          </reporter-output>
        </test-method> <!-- closeBrowser -->
      </class> <!-- zsevo.FirstTest -->
    </test> <!-- Test -->
  </suite> <!-- Suite -->
</testng-results>
