<?xml version="1.0" encoding="UTF-8"?>
<!-- Generated by org.testng.reporters.JUnitXMLReporter -->
<testsuite ignored="0" hostname="zoran" failures="1" tests="3" name="Test" time="90.436" errors="0" timestamp="2021-12-01T07:32:32 CET">
  <testcase classname="zsevo.FirstTest" name="test1" time="14.641"/>
  <testcase classname="zsevo.SecondTest" name="test1" time="2.97">
    <failure type="java.lang.AssertionError" message="There is too much cheese on the internet expected [777] but found [806000000]">
      <![CDATA[java.lang.AssertionError: There is too much cheese on the internet expected [777] but found [806000000]
at zsevo.SecondTest.test1(SecondTest.java:42)
at java.base/java.util.ArrayList.forEach(ArrayList.java:1507)
... Removed 32 stack frames]]>
    </failure>
  </testcase> <!-- test1 -->
  <testcase classname="zsevo.ThirdTest" name="test1" time="49.949"/>
</testsuite> <!-- Test -->
